{"/media/isaac-pereira/storage/prova/nest/top-users/src/__tests__/users.e2e-spec.d.ts": {"path":"/media/isaac-pereira/storage/prova/nest/top-users/src/__tests__/users.e2e-spec.d.ts","statementMap":{},"fnMap":{},"branchMap":{},"s":{},"f":{},"b":{}}
,"/media/isaac-pereira/storage/prova/nest/top-users/src/infra/database/migrations/001_create_users.ts": {"path":"/media/isaac-pereira/storage/prova/nest/top-users/src/infra/database/migrations/001_create_users.ts","statementMap":{"0":{"start":{"line":3,"column":0},"end":{"line":3,"column":7}},"1":{"start":{"line":27,"column":0},"end":{"line":27,"column":7}},"2":{"start":{"line":4,"column":17},"end":{"line":4,"column":52}},"3":{"start":{"line":5,"column":2},"end":{"line":24,"column":3}},"4":{"start":{"line":6,"column":4},"end":{"line":23,"column":7}},"5":{"start":{"line":7,"column":6},"end":{"line":7,"column":35}},"6":{"start":{"line":8,"column":6},"end":{"line":8,"column":37}},"7":{"start":{"line":9,"column":6},"end":{"line":9,"column":47}},"8":{"start":{"line":10,"column":6},"end":{"line":10,"column":41}},"9":{"start":{"line":11,"column":6},"end":{"line":11,"column":33}},"10":{"start":{"line":12,"column":6},"end":{"line":12,"column":36}},"11":{"start":{"line":13,"column":6},"end":{"line":13,"column":36}},"12":{"start":{"line":14,"column":6},"end":{"line":14,"column":41}},"13":{"start":{"line":15,"column":6},"end":{"line":15,"column":36}},"14":{"start":{"line":16,"column":6},"end":{"line":16,"column":36}},"15":{"start":{"line":17,"column":6},"end":{"line":17,"column":33}},"16":{"start":{"line":18,"column":6},"end":{"line":18,"column":58}},"17":{"start":{"line":19,"column":6},"end":{"line":19,"column":60}},"18":{"start":{"line":20,"column":6},"end":{"line":20,"column":56}},"19":{"start":{"line":21,"column":6},"end":{"line":21,"column":56}},"20":{"start":{"line":22,"column":6},"end":{"line":22,"column":42}},"21":{"start":{"line":28,"column":2},"end":{"line":28,"column":47}}},"fnMap":{"0":{"name":"up","decl":{"start":{"line":3,"column":22},"end":{"line":3,"column":24}},"loc":{"start":{"line":3,"column":35},"end":{"line":25,"column":1}}},"1":{"name":"(anonymous_1)","decl":{"start":{"line":6,"column":43},"end":{"line":6,"column":44}},"loc":{"start":{"line":6,"column":49},"end":{"line":23,"column":5}}},"2":{"name":"down","decl":{"start":{"line":27,"column":22},"end":{"line":27,"column":26}},"loc":{"start":{"line":27,"column":37},"end":{"line":29,"column":1}}}},"branchMap":{"0":{"loc":{"start":{"line":5,"column":2},"end":{"line":24,"column":3}},"type":"if","locations":[{"start":{"line":5,"column":2},"end":{"line":24,"column":3}}]}},"s":{"0":1,"1":1,"2":1,"3":1,"4":1,"5":1,"6":1,"7":1,"8":1,"9":1,"10":1,"11":1,"12":1,"13":1,"14":1,"15":1,"16":1,"17":1,"18":1,"19":1,"20":1,"21":0},"f":{"0":1,"1":1,"2":0},"b":{"0":[1]}}
,"/media/isaac-pereira/storage/prova/nest/top-users/src/infra/database/seeds/001_admin.ts": {"path":"/media/isaac-pereira/storage/prova/nest/top-users/src/infra/database/seeds/001_admin.ts","statementMap":{"0":{"start":{"line":4,"column":0},"end":{"line":4,"column":7}},"1":{"start":{"line":2,"column":0},"end":{"line":2,"column":33}},"2":{"start":{"line":5,"column":16},"end":{"line":5,"column":35}},"3":{"start":{"line":6,"column":17},"end":{"line":6,"column":61}},"4":{"start":{"line":7,"column":2},"end":{"line":10,"column":3}},"5":{"start":{"line":8,"column":21},"end":{"line":8,"column":58}},"6":{"start":{"line":9,"column":4},"end":{"line":9,"column":74}}},"fnMap":{"0":{"name":"seed","decl":{"start":{"line":4,"column":22},"end":{"line":4,"column":26}},"loc":{"start":{"line":4,"column":37},"end":{"line":11,"column":1}}}},"branchMap":{"0":{"loc":{"start":{"line":7,"column":2},"end":{"line":10,"column":3}},"type":"if","locations":[{"start":{"line":7,"column":2},"end":{"line":10,"column":3}}]}},"s":{"0":1,"1":1,"2":1,"3":1,"4":1,"5":1,"6":1},"f":{"0":1},"b":{"0":[1]}}
,"/media/isaac-pereira/storage/prova/nest/top-users/src/modules/users/application/dto/create-user.dto.ts": {"path":"/media/isaac-pereira/storage/prova/nest/top-users/src/modules/users/application/dto/create-user.dto.ts","statementMap":{"0":{"start":{"line":1,"column":0},"end":{"line":1,"column":63}},"1":{"start":{"line":2,"column":0},"end":{"line":2,"column":44}},"2":{"start":{"line":4,"column":0},"end":{"line":4,"column":13}},"3":{"start":{"line":6,"column":29},"end":{"line":6,"column":null}},"4":{"start":{"line":7,"column":26},"end":{"line":7,"column":null}},"5":{"start":{"line":8,"column":29},"end":{"line":8,"column":null}},"6":{"start":{"line":9,"column":15},"end":{"line":9,"column":null}},"7":{"start":{"line":10,"column":15},"end":{"line":10,"column":null}},"8":{"start":{"line":11,"column":15},"end":{"line":11,"column":null}},"9":{"start":{"line":12,"column":15},"end":{"line":12,"column":null}},"10":{"start":{"line":13,"column":15},"end":{"line":13,"column":null}},"11":{"start":{"line":14,"column":15},"end":{"line":14,"column":null}},"12":{"start":{"line":15,"column":15},"end":{"line":15,"column":null}}},"fnMap":{},"branchMap":{},"s":{"0":1,"1":1,"2":1,"3":1,"4":1,"5":1,"6":1,"7":1,"8":1,"9":1,"10":1,"11":1,"12":1},"f":{},"b":{}}
,"/media/isaac-pereira/storage/prova/nest/top-users/src/modules/users/application/dto/update-user.dto.ts": {"path":"/media/isaac-pereira/storage/prova/nest/top-users/src/modules/users/application/dto/update-user.dto.ts","statementMap":{"0":{"start":{"line":1,"column":0},"end":{"line":1,"column":63}},"1":{"start":{"line":2,"column":0},"end":{"line":2,"column":44}},"2":{"start":{"line":4,"column":0},"end":{"line":4,"column":13}},"3":{"start":{"line":6,"column":29},"end":{"line":6,"column":null}},"4":{"start":{"line":7,"column":26},"end":{"line":7,"column":null}},"5":{"start":{"line":8,"column":15},"end":{"line":8,"column":null}},"6":{"start":{"line":9,"column":15},"end":{"line":9,"column":null}},"7":{"start":{"line":10,"column":15},"end":{"line":10,"column":null}},"8":{"start":{"line":11,"column":15},"end":{"line":11,"column":null}},"9":{"start":{"line":12,"column":15},"end":{"line":12,"column":null}},"10":{"start":{"line":13,"column":15},"end":{"line":13,"column":null}},"11":{"start":{"line":14,"column":15},"end":{"line":14,"column":null}}},"fnMap":{},"branchMap":{},"s":{"0":1,"1":1,"2":1,"3":1,"4":1,"5":1,"6":1,"7":1,"8":1,"9":1,"10":1,"11":1},"f":{},"b":{}}
,"/media/isaac-pereira/storage/prova/nest/top-users/src/modules/users/application/dto/user-list.dto.ts": {"path":"/media/isaac-pereira/storage/prova/nest/top-users/src/modules/users/application/dto/user-list.dto.ts","statementMap":{"0":{"start":{"line":1,"column":0},"end":{"line":1,"column":44}},"1":{"start":{"line":3,"column":0},"end":{"line":3,"column":13}},"2":{"start":{"line":4,"column":15},"end":{"line":4,"column":null}},"3":{"start":{"line":5,"column":15},"end":{"line":5,"column":null}},"4":{"start":{"line":6,"column":15},"end":{"line":6,"column":null}},"5":{"start":{"line":8,"column":15},"end":{"line":8,"column":null}},"6":{"start":{"line":9,"column":15},"end":{"line":9,"column":null}},"7":{"start":{"line":10,"column":15},"end":{"line":10,"column":null}},"8":{"start":{"line":11,"column":15},"end":{"line":11,"column":null}},"9":{"start":{"line":12,"column":15},"end":{"line":12,"column":null}},"10":{"start":{"line":13,"column":15},"end":{"line":13,"column":null}},"11":{"start":{"line":14,"column":15},"end":{"line":14,"column":null}}},"fnMap":{},"branchMap":{},"s":{"0":1,"1":1,"2":1,"3":1,"4":1,"5":1,"6":1,"7":1,"8":1,"9":1,"10":1,"11":1},"f":{},"b":{}}
,"/media/isaac-pereira/storage/prova/nest/top-users/src/modules/users/application/use-cases/create-user.usecase.ts": {"path":"/media/isaac-pereira/storage/prova/nest/top-users/src/modules/users/application/use-cases/create-user.usecase.ts","statementMap":{"0":{"start":{"line":1,"column":0},"end":{"line":1,"column":50}},"1":{"start":{"line":2,"column":0},"end":{"line":2,"column":57}},"2":{"start":{"line":3,"column":0},"end":{"line":3,"column":50}},"3":{"start":{"line":6,"column":0},"end":{"line":6,"column":53}},"4":{"start":{"line":9,"column":7},"end":{"line":20,"column":null}},"5":{"start":{"line":11,"column":52},"end":{"line":11,"column":83}},"6":{"start":{"line":12,"column":41},"end":{"line":12,"column":55}},"7":{"start":{"line":16,"column":21},"end":{"line":16,"column":64}},"8":{"start":{"line":17,"column":8},"end":{"line":17,"column":39}},"9":{"start":{"line":18,"column":8},"end":{"line":18,"column":54}},"10":{"start":{"line":9,"column":13},"end":{"line":9,"column":30}},"11":{"start":{"line":9,"column":13},"end":{"line":20,"column":null}}},"fnMap":{"0":{"name":"(anonymous_4)","decl":{"start":{"line":10,"column":4},"end":{"line":10,"column":null}},"loc":{"start":{"line":12,"column":55},"end":{"line":13,"column":8}}},"1":{"name":"(anonymous_5)","decl":{"start":{"line":15,"column":4},"end":{"line":15,"column":9}},"loc":{"start":{"line":15,"column":38},"end":{"line":19,"column":5}}}},"branchMap":{},"s":{"0":1,"1":1,"2":1,"3":1,"4":1,"5":1,"6":1,"7":1,"8":1,"9":1,"10":1,"11":1},"f":{"0":1,"1":1},"b":{}}
,"/media/isaac-pereira/storage/prova/nest/top-users/src/modules/users/application/use-cases/find-user-email.usecase.ts": {"path":"/media/isaac-pereira/storage/prova/nest/top-users/src/modules/users/application/use-cases/find-user-email.usecase.ts","statementMap":{"0":{"start":{"line":1,"column":0},"end":{"line":1,"column":50}},"1":{"start":{"line":2,"column":0},"end":{"line":2,"column":57}},"2":{"start":{"line":3,"column":0},"end":{"line":3,"column":50}},"3":{"start":{"line":7,"column":0},"end":{"line":7,"column":49}},"4":{"start":{"line":11,"column":7},"end":{"line":26,"column":null}},"5":{"start":{"line":13,"column":52},"end":{"line":13,"column":83}},"6":{"start":{"line":14,"column":41},"end":{"line":14,"column":55}},"7":{"start":{"line":18,"column":21},"end":{"line":18,"column":65}},"8":{"start":{"line":19,"column":8},"end":{"line":23,"column":9}},"9":{"start":{"line":20,"column":32},"end":{"line":20,"column":72}},"10":{"start":{"line":21,"column":12},"end":{"line":21,"column":49}},"11":{"start":{"line":22,"column":12},"end":{"line":22,"column":31}},"12":{"start":{"line":24,"column":8},"end":{"line":24,"column":20}},"13":{"start":{"line":11,"column":13},"end":{"line":11,"column":33}},"14":{"start":{"line":11,"column":13},"end":{"line":26,"column":null}}},"fnMap":{"0":{"name":"(anonymous_4)","decl":{"start":{"line":12,"column":4},"end":{"line":12,"column":null}},"loc":{"start":{"line":14,"column":55},"end":{"line":15,"column":8}}},"1":{"name":"(anonymous_5)","decl":{"start":{"line":17,"column":4},"end":{"line":17,"column":9}},"loc":{"start":{"line":17,"column":31},"end":{"line":25,"column":5}}}},"branchMap":{"0":{"loc":{"start":{"line":19,"column":8},"end":{"line":23,"column":9}},"type":"if","locations":[{"start":{"line":19,"column":8},"end":{"line":23,"column":9}}]}},"s":{"0":1,"1":1,"2":1,"3":1,"4":1,"5":1,"6":1,"7":1,"8":1,"9":1,"10":1,"11":1,"12":0,"13":1,"14":1},"f":{"0":1,"1":1},"b":{"0":[1]}}
,"/media/isaac-pereira/storage/prova/nest/top-users/src/modules/users/application/use-cases/find-users-usecase.service.ts": {"path":"/media/isaac-pereira/storage/prova/nest/top-users/src/modules/users/application/use-cases/find-users-usecase.service.ts","statementMap":{"0":{"start":{"line":1,"column":0},"end":{"line":1,"column":50}},"1":{"start":{"line":2,"column":0},"end":{"line":2,"column":55}},"2":{"start":{"line":3,"column":0},"end":{"line":3,"column":48}},"3":{"start":{"line":6,"column":0},"end":{"line":6,"column":49}},"4":{"start":{"line":9,"column":7},"end":{"line":17,"column":null}},"5":{"start":{"line":10,"column":60},"end":{"line":10,"column":91}},"6":{"start":{"line":10,"column":126},"end":{"line":10,"column":140}},"7":{"start":{"line":14,"column":21},"end":{"line":14,"column":53}},"8":{"start":{"line":15,"column":8},"end":{"line":15,"column":61}},"9":{"start":{"line":9,"column":13},"end":{"line":9,"column":29}},"10":{"start":{"line":9,"column":13},"end":{"line":17,"column":null}}},"fnMap":{"0":{"name":"(anonymous_4)","decl":{"start":{"line":10,"column":4},"end":{"line":10,"column":17}},"loc":{"start":{"line":10,"column":140},"end":{"line":11,"column":5}}},"1":{"name":"(anonymous_5)","decl":{"start":{"line":13,"column":4},"end":{"line":13,"column":9}},"loc":{"start":{"line":13,"column":17},"end":{"line":16,"column":5}}}},"branchMap":{},"s":{"0":1,"1":1,"2":1,"3":1,"4":1,"5":1,"6":1,"7":1,"8":1,"9":1,"10":1},"f":{"0":1,"1":1},"b":{}}
,"/media/isaac-pereira/storage/prova/nest/top-users/src/modules/users/application/use-cases/remove-user.service.ts": {"path":"/media/isaac-pereira/storage/prova/nest/top-users/src/modules/users/application/use-cases/remove-user.service.ts","statementMap":{"0":{"start":{"line":1,"column":0},"end":{"line":1,"column":50}},"1":{"start":{"line":3,"column":0},"end":{"line":3,"column":48}},"2":{"start":{"line":10,"column":7},"end":{"line":18,"column":null}},"3":{"start":{"line":11,"column":60},"end":{"line":11,"column":91}},"4":{"start":{"line":12,"column":49},"end":{"line":12,"column":63}},"5":{"start":{"line":16,"column":8},"end":{"line":16,"column":49}},"6":{"start":{"line":10,"column":13},"end":{"line":10,"column":30}},"7":{"start":{"line":10,"column":13},"end":{"line":18,"column":null}}},"fnMap":{"0":{"name":"(anonymous_4)","decl":{"start":{"line":11,"column":4},"end":{"line":11,"column":17}},"loc":{"start":{"line":12,"column":63},"end":{"line":13,"column":5}}},"1":{"name":"(anonymous_5)","decl":{"start":{"line":15,"column":4},"end":{"line":15,"column":9}},"loc":{"start":{"line":15,"column":28},"end":{"line":17,"column":5}}}},"branchMap":{},"s":{"0":1,"1":1,"2":1,"3":1,"4":1,"5":1,"6":1,"7":1},"f":{"0":1,"1":1},"b":{}}
,"/media/isaac-pereira/storage/prova/nest/top-users/src/modules/users/application/use-cases/update-user.service.ts": {"path":"/media/isaac-pereira/storage/prova/nest/top-users/src/modules/users/application/use-cases/update-user.service.ts","statementMap":{"0":{"start":{"line":1,"column":0},"end":{"line":1,"column":50}},"1":{"start":{"line":2,"column":0},"end":{"line":2,"column":57}},"2":{"start":{"line":3,"column":0},"end":{"line":3,"column":50}},"3":{"start":{"line":7,"column":0},"end":{"line":7,"column":53}},"4":{"start":{"line":10,"column":7},"end":{"line":20,"column":null}},"5":{"start":{"line":12,"column":52},"end":{"line":12,"column":83}},"6":{"start":{"line":13,"column":41},"end":{"line":13,"column":55}},"7":{"start":{"line":17,"column":21},"end":{"line":17,"column":64}},"8":{"start":{"line":18,"column":8},"end":{"line":18,"column":51}},"9":{"start":{"line":10,"column":13},"end":{"line":10,"column":30}},"10":{"start":{"line":10,"column":13},"end":{"line":20,"column":null}}},"fnMap":{"0":{"name":"(anonymous_4)","decl":{"start":{"line":11,"column":4},"end":{"line":11,"column":null}},"loc":{"start":{"line":13,"column":55},"end":{"line":14,"column":8}}},"1":{"name":"(anonymous_5)","decl":{"start":{"line":16,"column":4},"end":{"line":16,"column":9}},"loc":{"start":{"line":16,"column":50},"end":{"line":19,"column":5}}}},"branchMap":{},"s":{"0":1,"1":1,"2":1,"3":1,"4":1,"5":1,"6":1,"7":1,"8":1,"9":1,"10":1},"f":{"0":1,"1":1},"b":{}}
,"/media/isaac-pereira/storage/prova/nest/top-users/src/modules/users/domain/entities/user.entity.ts": {"path":"/media/isaac-pereira/storage/prova/nest/top-users/src/modules/users/domain/entities/user.entity.ts","statementMap":{"0":{"start":{"line":1,"column":0},"end":{"line":1,"column":46}},"1":{"start":{"line":2,"column":0},"end":{"line":2,"column":59}},"2":{"start":{"line":41,"column":9},"end":{"line":41,"column":36}},"3":{"start":{"line":53,"column":4},"end":{"line":53,"column":33}},"4":{"start":{"line":4,"column":0},"end":{"line":4,"column":13}},"5":{"start":{"line":6,"column":9},"end":{"line":6,"column":null}},"6":{"start":{"line":9,"column":9},"end":{"line":9,"column":null}},"7":{"start":{"line":12,"column":9},"end":{"line":12,"column":null}},"8":{"start":{"line":17,"column":9},"end":{"line":17,"column":null}},"9":{"start":{"line":20,"column":9},"end":{"line":20,"column":null}},"10":{"start":{"line":23,"column":9},"end":{"line":23,"column":null}},"11":{"start":{"line":26,"column":9},"end":{"line":26,"column":null}},"12":{"start":{"line":29,"column":9},"end":{"line":29,"column":null}},"13":{"start":{"line":32,"column":9},"end":{"line":32,"column":null}},"14":{"start":{"line":35,"column":9},"end":{"line":35,"column":null}},"15":{"start":{"line":38,"column":9},"end":{"line":38,"column":null}},"16":{"start":{"line":37,"column":17},"end":{"line":37,"column":23}},"17":{"start":{"line":41,"column":9},"end":{"line":41,"column":null}},"18":{"start":{"line":44,"column":9},"end":{"line":44,"column":null}},"19":{"start":{"line":43,"column":17},"end":{"line":43,"column":21}},"20":{"start":{"line":47,"column":9},"end":{"line":47,"column":null}},"21":{"start":{"line":46,"column":17},"end":{"line":46,"column":21}},"22":{"start":{"line":50,"column":9},"end":{"line":50,"column":null}},"23":{"start":{"line":49,"column":17},"end":{"line":49,"column":21}}},"fnMap":{"0":{"name":"(anonymous_2)","decl":{"start":{"line":52,"column":2},"end":{"line":52,"column":14}},"loc":{"start":{"line":52,"column":36},"end":{"line":54,"column":3}}},"1":{"name":"(anonymous_3)","decl":{"start":{"line":37,"column":11},"end":{"line":37,"column":14}},"loc":{"start":{"line":37,"column":17},"end":{"line":37,"column":23}}},"2":{"name":"(anonymous_4)","decl":{"start":{"line":43,"column":11},"end":{"line":43,"column":14}},"loc":{"start":{"line":43,"column":17},"end":{"line":43,"column":21}}},"3":{"name":"(anonymous_5)","decl":{"start":{"line":46,"column":11},"end":{"line":46,"column":14}},"loc":{"start":{"line":46,"column":17},"end":{"line":46,"column":21}}},"4":{"name":"(anonymous_6)","decl":{"start":{"line":49,"column":11},"end":{"line":49,"column":14}},"loc":{"start":{"line":49,"column":17},"end":{"line":49,"column":21}}}},"branchMap":{},"s":{"0":1,"1":1,"2":4,"3":4,"4":1,"5":1,"6":1,"7":1,"8":1,"9":1,"10":1,"11":1,"12":1,"13":1,"14":1,"15":1,"16":1,"17":1,"18":1,"19":1,"20":1,"21":1,"22":1,"23":1},"f":{"0":4,"1":1,"2":1,"3":1,"4":1},"b":{}}
,"/media/isaac-pereira/storage/prova/nest/top-users/src/modules/users/domain/enums/user-status.enum.ts": {"path":"/media/isaac-pereira/storage/prova/nest/top-users/src/modules/users/domain/enums/user-status.enum.ts","statementMap":{"0":{"start":{"line":1,"column":0},"end":{"line":1,"column":null}},"1":{"start":{"line":2,"column":4},"end":{"line":2,"column":null}},"2":{"start":{"line":3,"column":4},"end":{"line":3,"column":null}}},"fnMap":{"0":{"name":"(anonymous_0)","decl":{"start":{"line":1,"column":0},"end":{"line":1,"column":12}},"loc":{"start":{"line":1,"column":26},"end":{"line":4,"column":1}}}},"branchMap":{"0":{"loc":{"start":{"line":1,"column":12},"end":{"line":1,"column":null}},"type":"binary-expr","locations":[{"start":{"line":1,"column":12},"end":{"line":1,"column":26}},{"start":{"line":1,"column":26},"end":{"line":1,"column":null}}]}},"s":{"0":1,"1":1,"2":1},"f":{"0":1},"b":{"0":[1,1]}}
,"/media/isaac-pereira/storage/prova/nest/top-users/src/modules/users/infra/mappers/user.profile.ts": {"path":"/media/isaac-pereira/storage/prova/nest/top-users/src/modules/users/infra/mappers/user.profile.ts","statementMap":{"0":{"start":{"line":1,"column":0},"end":{"line":1,"column":51}},"1":{"start":{"line":2,"column":0},"end":{"line":2,"column":67}},"2":{"start":{"line":3,"column":0},"end":{"line":3,"column":42}},"3":{"start":{"line":4,"column":0},"end":{"line":4,"column":55}},"4":{"start":{"line":5,"column":0},"end":{"line":5,"column":68}},"5":{"start":{"line":6,"column":0},"end":{"line":6,"column":64}},"6":{"start":{"line":7,"column":0},"end":{"line":7,"column":68}},"7":{"start":{"line":10,"column":7},"end":{"line":23,"column":null}},"8":{"start":{"line":12,"column":8},"end":{"line":12,"column":22}},"9":{"start":{"line":16,"column":8},"end":{"line":21,"column":10}},"10":{"start":{"line":18,"column":12},"end":{"line":18,"column":51}},"11":{"start":{"line":19,"column":12},"end":{"line":19,"column":51}},"12":{"start":{"line":20,"column":12},"end":{"line":20,"column":49}},"13":{"start":{"line":10,"column":13},"end":{"line":10,"column":24}},"14":{"start":{"line":10,"column":13},"end":{"line":23,"column":null}}},"fnMap":{"0":{"name":"(anonymous_4)","decl":{"start":{"line":11,"column":4},"end":{"line":11,"column":17}},"loc":{"start":{"line":11,"column":46},"end":{"line":13,"column":5}}},"1":{"name":"(anonymous_5)","decl":{"start":{"line":15,"column":4},"end":{"line":15,"column":17}},"loc":{"start":{"line":15,"column":24},"end":{"line":22,"column":5}}},"2":{"name":"(anonymous_6)","decl":{"start":{"line":16,"column":15},"end":{"line":16,"column":16}},"loc":{"start":{"line":16,"column":34},"end":{"line":21,"column":9}}}},"branchMap":{},"s":{"0":1,"1":1,"2":1,"3":1,"4":1,"5":1,"6":1,"7":1,"8":1,"9":1,"10":1,"11":1,"12":1,"13":1,"14":1},"f":{"0":1,"1":1,"2":1},"b":{}}
,"/media/isaac-pereira/storage/prova/nest/top-users/src/modules/users/infra/repositories/users.repository.ts": {"path":"/media/isaac-pereira/storage/prova/nest/top-users/src/modules/users/infra/repositories/users.repository.ts","statementMap":{"0":{"start":{"line":2,"column":0},"end":{"line":2,"column":55}},"1":{"start":{"line":3,"column":0},"end":{"line":3,"column":45}},"2":{"start":{"line":4,"column":0},"end":{"line":4,"column":67}},"3":{"start":{"line":5,"column":0},"end":{"line":5,"column":42}},"4":{"start":{"line":8,"column":7},"end":{"line":61,"column":null}},"5":{"start":{"line":10,"column":47},"end":{"line":10,"column":57}},"6":{"start":{"line":14,"column":21},"end":{"line":14,"column":71}},"7":{"start":{"line":15,"column":8},"end":{"line":17,"column":9}},"8":{"start":{"line":16,"column":12},"end":{"line":16,"column":24}},"9":{"start":{"line":18,"column":8},"end":{"line":18,"column":20}},"10":{"start":{"line":22,"column":21},"end":{"line":22,"column":74}},"11":{"start":{"line":23,"column":8},"end":{"line":25,"column":9}},"12":{"start":{"line":24,"column":12},"end":{"line":24,"column":24}},"13":{"start":{"line":26,"column":8},"end":{"line":26,"column":20}},"14":{"start":{"line":30,"column":21},"end":{"line":32,"column":33}},"15":{"start":{"line":33,"column":8},"end":{"line":33,"column":42}},"16":{"start":{"line":33,"column":29},"end":{"line":33,"column":40}},"17":{"start":{"line":37,"column":23},"end":{"line":44,"column":26}},"18":{"start":{"line":45,"column":8},"end":{"line":45,"column":23}},"19":{"start":{"line":49,"column":29},"end":{"line":49,"column":39}},"20":{"start":{"line":50,"column":8},"end":{"line":50,"column":39}},"21":{"start":{"line":51,"column":8},"end":{"line":51,"column":67}},"22":{"start":{"line":55,"column":8},"end":{"line":59,"column":11}},"23":{"start":{"line":8,"column":13},"end":{"line":8,"column":31}},"24":{"start":{"line":8,"column":13},"end":{"line":61,"column":null}}},"fnMap":{"0":{"name":"(anonymous_4)","decl":{"start":{"line":10,"column":4},"end":{"line":10,"column":17}},"loc":{"start":{"line":10,"column":57},"end":{"line":11,"column":5}}},"1":{"name":"(anonymous_5)","decl":{"start":{"line":13,"column":4},"end":{"line":13,"column":9}},"loc":{"start":{"line":13,"column":29},"end":{"line":19,"column":5}}},"2":{"name":"(anonymous_6)","decl":{"start":{"line":21,"column":4},"end":{"line":21,"column":9}},"loc":{"start":{"line":21,"column":35},"end":{"line":27,"column":5}}},"3":{"name":"(anonymous_7)","decl":{"start":{"line":29,"column":4},"end":{"line":29,"column":9}},"loc":{"start":{"line":29,"column":14},"end":{"line":34,"column":5}}},"4":{"name":"(anonymous_8)","decl":{"start":{"line":33,"column":24},"end":{"line":33,"column":25}},"loc":{"start":{"line":33,"column":29},"end":{"line":33,"column":40}}},"5":{"name":"(anonymous_9)","decl":{"start":{"line":36,"column":4},"end":{"line":36,"column":9}},"loc":{"start":{"line":36,"column":24},"end":{"line":46,"column":5}}},"6":{"name":"(anonymous_10)","decl":{"start":{"line":48,"column":4},"end":{"line":48,"column":9}},"loc":{"start":{"line":48,"column":49},"end":{"line":52,"column":5}}},"7":{"name":"(anonymous_11)","decl":{"start":{"line":54,"column":4},"end":{"line":54,"column":9}},"loc":{"start":{"line":54,"column":31},"end":{"line":60,"column":5}}}},"branchMap":{"0":{"loc":{"start":{"line":15,"column":8},"end":{"line":17,"column":9}},"type":"if","locations":[{"start":{"line":15,"column":8},"end":{"line":17,"column":9}}]},"1":{"loc":{"start":{"line":23,"column":8},"end":{"line":25,"column":9}},"type":"if","locations":[{"start":{"line":23,"column":8},"end":{"line":25,"column":9}}]}},"s":{"0":1,"1":1,"2":1,"3":1,"4":1,"5":1,"6":0,"7":0,"8":0,"9":0,"10":1,"11":1,"12":1,"13":0,"14":1,"15":1,"16":2,"17":1,"18":1,"19":1,"20":1,"21":1,"22":1,"23":1,"24":1},"f":{"0":1,"1":0,"2":1,"3":1,"4":2,"5":1,"6":1,"7":1},"b":{"0":[0],"1":[1]}}
,"/media/isaac-pereira/storage/prova/nest/top-users/src/modules/users/presentation/users.controller.ts": {"path":"/media/isaac-pereira/storage/prova/nest/top-users/src/modules/users/presentation/users.controller.ts","statementMap":{"0":{"start":{"line":1,"column":0},"end":{"line":1,"column":42}},"1":{"start":{"line":2,"column":0},"end":{"line":2,"column":53}},"2":{"start":{"line":3,"column":0},"end":{"line":3,"column":33}},"3":{"start":{"line":4,"column":0},"end":{"line":4,"column":79}},"4":{"start":{"line":5,"column":0},"end":{"line":5,"column":85}},"5":{"start":{"line":6,"column":0},"end":{"line":6,"column":86}},"6":{"start":{"line":7,"column":0},"end":{"line":7,"column":79}},"7":{"start":{"line":8,"column":0},"end":{"line":8,"column":79}},"8":{"start":{"line":11,"column":7},"end":{"line":45,"column":null}},"9":{"start":{"line":14,"column":25},"end":{"line":14,"column":37}},"10":{"start":{"line":15,"column":25},"end":{"line":15,"column":36}},"11":{"start":{"line":16,"column":25},"end":{"line":16,"column":40}},"12":{"start":{"line":17,"column":25},"end":{"line":17,"column":37}},"13":{"start":{"line":18,"column":25},"end":{"line":18,"column":37}},"14":{"start":{"line":24,"column":8},"end":{"line":24,"column":46}},"15":{"start":{"line":28,"column":25},"end":{"line":28,"column":61}},"16":{"start":{"line":29,"column":8},"end":{"line":29,"column":66}},"17":{"start":{"line":33,"column":8},"end":{"line":33,"column":60}},"18":{"start":{"line":37,"column":8},"end":{"line":37,"column":59}},"19":{"start":{"line":38,"column":8},"end":{"line":38,"column":31}},"20":{"start":{"line":42,"column":8},"end":{"line":42,"column":47}},"21":{"start":{"line":43,"column":8},"end":{"line":43,"column":31}},"22":{"start":{"line":11,"column":13},"end":{"line":11,"column":28}},"23":{"start":{"line":23,"column":47},"end":{"line":25,"column":null}},"24":{"start":{"line":27,"column":49},"end":{"line":30,"column":null}},"25":{"start":{"line":32,"column":54},"end":{"line":34,"column":null}},"26":{"start":{"line":36,"column":49},"end":{"line":39,"column":null}},"27":{"start":{"line":41,"column":49},"end":{"line":44,"column":null}},"28":{"start":{"line":11,"column":13},"end":{"line":45,"column":null}}},"fnMap":{"0":{"name":"(anonymous_2)","decl":{"start":{"line":13,"column":4},"end":{"line":13,"column":null}},"loc":{"start":{"line":18,"column":54},"end":{"line":21,"column":5}}},"1":{"name":"(anonymous_3)","decl":{"start":{"line":23,"column":41},"end":{"line":23,"column":46}},"loc":{"start":{"line":23,"column":51},"end":{"line":25,"column":5}}},"2":{"name":"(anonymous_4)","decl":{"start":{"line":27,"column":43},"end":{"line":27,"column":48}},"loc":{"start":{"line":27,"column":65},"end":{"line":30,"column":5}}},"3":{"name":"(anonymous_5)","decl":{"start":{"line":32,"column":48},"end":{"line":32,"column":53}},"loc":{"start":{"line":32,"column":89},"end":{"line":34,"column":5}}},"4":{"name":"(anonymous_6)","decl":{"start":{"line":36,"column":43},"end":{"line":36,"column":48}},"loc":{"start":{"line":36,"column":88},"end":{"line":39,"column":5}}},"5":{"name":"(anonymous_7)","decl":{"start":{"line":41,"column":43},"end":{"line":41,"column":48}},"loc":{"start":{"line":41,"column":76},"end":{"line":44,"column":5}}}},"branchMap":{},"s":{"0":1,"1":1,"2":1,"3":1,"4":1,"5":1,"6":1,"7":1,"8":1,"9":1,"10":1,"11":1,"12":1,"13":1,"14":1,"15":1,"16":1,"17":1,"18":1,"19":1,"20":1,"21":1,"22":1,"23":1,"24":1,"25":1,"26":1,"27":1,"28":1},"f":{"0":1,"1":1,"2":1,"3":1,"4":1,"5":1},"b":{}}
}
