TN:
SF:src/__tests__/users.e2e-spec.d.ts
FNF:0
FNH:0
LF:0
LH:0
BRF:0
BRH:0
end_of_record
TN:
SF:src/infra/database/migrations/001_create_users.ts
FN:3,up
FN:6,(anonymous_1)
FN:27,down
FNF:3
FNH:2
FNDA:1,up
FNDA:1,(anonymous_1)
FNDA:0,down
DA:3,1
DA:4,1
DA:5,1
DA:6,1
DA:7,1
DA:8,1
DA:9,1
DA:10,1
DA:11,1
DA:12,1
DA:13,1
DA:14,1
DA:15,1
DA:16,1
DA:17,1
DA:18,1
DA:19,1
DA:20,1
DA:21,1
DA:22,1
DA:27,1
DA:28,0
LF:22
LH:21
BRDA:5,0,0,1
BRF:1
BRH:1
end_of_record
TN:
SF:src/infra/database/seeds/001_admin.ts
FN:4,seed
FNF:1
FNH:1
FNDA:1,seed
DA:2,1
DA:4,1
DA:5,1
DA:6,1
DA:7,1
DA:8,1
DA:9,1
LF:7
LH:7
BRDA:7,0,0,1
BRF:1
BRH:1
end_of_record
TN:
SF:src/modules/users/application/dto/create-user.dto.ts
FNF:0
FNH:0
DA:1,1
DA:2,1
DA:4,1
DA:6,1
DA:7,1
DA:8,1
DA:9,1
DA:10,1
DA:11,1
DA:12,1
DA:13,1
DA:14,1
DA:15,1
LF:13
LH:13
BRF:0
BRH:0
end_of_record
TN:
SF:src/modules/users/application/dto/update-user.dto.ts
FNF:0
FNH:0
DA:1,1
DA:2,1
DA:4,1
DA:6,1
DA:7,1
DA:8,1
DA:9,1
DA:10,1
DA:11,1
DA:12,1
DA:13,1
DA:14,1
LF:12
LH:12
BRF:0
BRH:0
end_of_record
TN:
SF:src/modules/users/application/dto/user-list.dto.ts
FNF:0
FNH:0
DA:1,1
DA:3,1
DA:4,1
DA:5,1
DA:6,1
DA:8,1
DA:9,1
DA:10,1
DA:11,1
DA:12,1
DA:13,1
DA:14,1
LF:12
LH:12
BRF:0
BRH:0
end_of_record
TN:
SF:src/modules/users/application/use-cases/create-user.usecase.ts
FN:10,(anonymous_4)
FN:15,(anonymous_5)
FNF:2
FNH:2
FNDA:1,(anonymous_4)
FNDA:1,(anonymous_5)
DA:1,1
DA:2,1
DA:3,1
DA:6,1
DA:9,1
DA:11,1
DA:12,1
DA:16,1
DA:17,1
DA:18,1
LF:10
LH:10
BRF:0
BRH:0
end_of_record
TN:
SF:src/modules/users/application/use-cases/find-user-email.usecase.ts
FN:12,(anonymous_4)
FN:17,(anonymous_5)
FNF:2
FNH:2
FNDA:1,(anonymous_4)
FNDA:1,(anonymous_5)
DA:1,1
DA:2,1
DA:3,1
DA:7,1
DA:11,1
DA:13,1
DA:14,1
DA:18,1
DA:19,1
DA:20,1
DA:21,1
DA:22,1
DA:24,0
LF:13
LH:12
BRDA:19,0,0,1
BRF:1
BRH:1
end_of_record
TN:
SF:src/modules/users/application/use-cases/find-users-usecase.service.ts
FN:10,(anonymous_4)
FN:13,(anonymous_5)
FNF:2
FNH:2
FNDA:1,(anonymous_4)
FNDA:1,(anonymous_5)
DA:1,1
DA:2,1
DA:3,1
DA:6,1
DA:9,1
DA:10,1
DA:14,1
DA:15,1
LF:8
LH:8
BRF:0
BRH:0
end_of_record
TN:
SF:src/modules/users/application/use-cases/remove-user.service.ts
FN:11,(anonymous_4)
FN:15,(anonymous_5)
FNF:2
FNH:2
FNDA:1,(anonymous_4)
FNDA:1,(anonymous_5)
DA:1,1
DA:3,1
DA:10,1
DA:11,1
DA:12,1
DA:16,1
LF:6
LH:6
BRF:0
BRH:0
end_of_record
TN:
SF:src/modules/users/application/use-cases/update-user.service.ts
FN:11,(anonymous_4)
FN:16,(anonymous_5)
FNF:2
FNH:2
FNDA:1,(anonymous_4)
FNDA:1,(anonymous_5)
DA:1,1
DA:2,1
DA:3,1
DA:7,1
DA:10,1
DA:12,1
DA:13,1
DA:17,1
DA:18,1
LF:9
LH:9
BRF:0
BRH:0
end_of_record
TN:
SF:src/modules/users/domain/entities/user.entity.ts
FN:52,(anonymous_2)
FN:37,(anonymous_3)
FN:43,(anonymous_4)
FN:46,(anonymous_5)
FN:49,(anonymous_6)
FNF:5
FNH:5
FNDA:4,(anonymous_2)
FNDA:1,(anonymous_3)
FNDA:1,(anonymous_4)
FNDA:1,(anonymous_5)
FNDA:1,(anonymous_6)
DA:1,1
DA:2,1
DA:4,1
DA:6,1
DA:9,1
DA:12,1
DA:17,1
DA:20,1
DA:23,1
DA:26,1
DA:29,1
DA:32,1
DA:35,1
DA:37,1
DA:38,1
DA:41,4
DA:43,1
DA:44,1
DA:46,1
DA:47,1
DA:49,1
DA:50,1
DA:53,4
LF:23
LH:23
BRF:0
BRH:0
end_of_record
TN:
SF:src/modules/users/domain/enums/user-status.enum.ts
FN:1,(anonymous_0)
FNF:1
FNH:1
FNDA:1,(anonymous_0)
DA:1,1
DA:2,1
DA:3,1
LF:3
LH:3
BRDA:1,0,0,1
BRDA:1,0,1,1
BRF:2
BRH:2
end_of_record
TN:
SF:src/modules/users/infra/mappers/user.profile.ts
FN:11,(anonymous_4)
FN:15,(anonymous_5)
FN:16,(anonymous_6)
FNF:3
FNH:3
FNDA:1,(anonymous_4)
FNDA:1,(anonymous_5)
FNDA:1,(anonymous_6)
DA:1,1
DA:2,1
DA:3,1
DA:4,1
DA:5,1
DA:6,1
DA:7,1
DA:10,1
DA:12,1
DA:16,1
DA:18,1
DA:19,1
DA:20,1
LF:13
LH:13
BRF:0
BRH:0
end_of_record
TN:
SF:src/modules/users/infra/repositories/users.repository.ts
FN:10,(anonymous_4)
FN:13,(anonymous_5)
FN:21,(anonymous_6)
FN:29,(anonymous_7)
FN:33,(anonymous_8)
FN:36,(anonymous_9)
FN:48,(anonymous_10)
FN:54,(anonymous_11)
FNF:8
FNH:7
FNDA:1,(anonymous_4)
FNDA:0,(anonymous_5)
FNDA:1,(anonymous_6)
FNDA:1,(anonymous_7)
FNDA:2,(anonymous_8)
FNDA:1,(anonymous_9)
FNDA:1,(anonymous_10)
FNDA:1,(anonymous_11)
DA:2,1
DA:3,1
DA:4,1
DA:5,1
DA:8,1
DA:10,1
DA:14,0
DA:15,0
DA:16,0
DA:18,0
DA:22,1
DA:23,1
DA:24,1
DA:26,0
DA:30,1
DA:33,2
DA:37,1
DA:45,1
DA:49,1
DA:50,1
DA:51,1
DA:55,1
LF:22
LH:17
BRDA:15,0,0,0
BRDA:23,1,0,1
BRF:2
BRH:1
end_of_record
TN:
SF:src/modules/users/presentation/users.controller.ts
FN:13,(anonymous_2)
FN:23,(anonymous_3)
FN:27,(anonymous_4)
FN:32,(anonymous_5)
FN:36,(anonymous_6)
FN:41,(anonymous_7)
FNF:6
FNH:6
FNDA:1,(anonymous_2)
FNDA:1,(anonymous_3)
FNDA:1,(anonymous_4)
FNDA:1,(anonymous_5)
FNDA:1,(anonymous_6)
FNDA:1,(anonymous_7)
DA:1,1
DA:2,1
DA:3,1
DA:4,1
DA:5,1
DA:6,1
DA:7,1
DA:8,1
DA:11,1
DA:14,1
DA:15,1
DA:16,1
DA:17,1
DA:18,1
DA:23,1
DA:24,1
DA:27,1
DA:28,1
DA:29,1
DA:32,1
DA:33,1
DA:36,1
DA:37,1
DA:38,1
DA:41,1
DA:42,1
DA:43,1
LF:27
LH:27
BRF:0
BRH:0
end_of_record
